{"timestamp":"2025-09-29T03:26:27.628669","level":"info","event":"DAG bundles loaded: dags-folder","logger":"airflow.dag_processing.bundles.manager.DagBundlesManager"}
{"timestamp":"2025-09-29T03:26:27.629948","level":"info","event":"Filling up the DagBag from /opt/airflow/dags/elt_dag.py","logger":"airflow.models.dagbag.DagBag"}
{"timestamp":"2025-09-29T03:26:28.464987","level":"info","event":"Starting docker container from image my-dbt:1.7-pg","logger":"airflow.task.operators.airflow.providers.docker.operators.docker.DockerOperator"}
{"timestamp":"2025-09-29T03:26:28.501365","level":"warning","event":"Using remote engine or docker-in-docker and mounting temporary volume from host is not supported. Falling back to `mount_tmp_dir=False` mode. You can set `mount_tmp_dir` parameter to False to disable mounting and remove the warning","logger":"airflow.task.operators.airflow.providers.docker.operators.docker.DockerOperator"}
{"timestamp":"2025-09-29T03:26:32.231307","level":"info","event":"\u001b[0m03:26:32  Running with dbt=1.7.15","logger":"airflow.task.operators.airflow.providers.docker.operators.docker.DockerOperator"}
{"timestamp":"2025-09-29T03:26:32.407726","level":"info","event":"\u001b[0m03:26:32  Registered adapter: postgres=1.7.15","logger":"airflow.task.operators.airflow.providers.docker.operators.docker.DockerOperator"}
{"timestamp":"2025-09-29T03:26:32.488204","level":"info","event":"\u001b[0m03:26:32  Found 4 models, 19 tests, 3 sources, 0 exposures, 0 metrics, 402 macros, 0 groups, 0 semantic models","logger":"airflow.task.operators.airflow.providers.docker.operators.docker.DockerOperator"}
{"timestamp":"2025-09-29T03:26:32.492477","level":"info","event":"\u001b[0m03:26:32","logger":"airflow.task.operators.airflow.providers.docker.operators.docker.DockerOperator"}
{"timestamp":"2025-09-29T03:26:32.746600","level":"info","event":"\u001b[0m03:26:32  Concurrency: 1 threads (target='dev')","logger":"airflow.task.operators.airflow.providers.docker.operators.docker.DockerOperator"}
{"timestamp":"2025-09-29T03:26:32.746927","level":"info","event":"\u001b[0m03:26:32","logger":"airflow.task.operators.airflow.providers.docker.operators.docker.DockerOperator"}
{"timestamp":"2025-09-29T03:26:32.755911","level":"info","event":"\u001b[0m03:26:32  1 of 4 START sql view model public_staging.actors .............................. [RUN]","logger":"airflow.task.operators.airflow.providers.docker.operators.docker.DockerOperator"}
{"timestamp":"2025-09-29T03:26:32.854249","level":"info","event":"\u001b[0m03:26:32  1 of 4 OK created sql view model public_staging.actors ......................... [\u001b[32mCREATE VIEW\u001b[0m in 0.10s]","logger":"airflow.task.operators.airflow.providers.docker.operators.docker.DockerOperator"}
{"timestamp":"2025-09-29T03:26:32.857415","level":"info","event":"\u001b[0m03:26:32  2 of 4 START sql view model public_staging.film_actors ......................... [RUN]","logger":"airflow.task.operators.airflow.providers.docker.operators.docker.DockerOperator"}
{"timestamp":"2025-09-29T03:26:32.890955","level":"info","event":"\u001b[0m03:26:32  2 of 4 OK created sql view model public_staging.film_actors .................... [\u001b[32mCREATE VIEW\u001b[0m in 0.03s]","logger":"airflow.task.operators.airflow.providers.docker.operators.docker.DockerOperator"}
{"timestamp":"2025-09-29T03:26:32.892012","level":"info","event":"\u001b[0m03:26:32  3 of 4 START sql view model public_staging.films ............................... [RUN]","logger":"airflow.task.operators.airflow.providers.docker.operators.docker.DockerOperator"}
{"timestamp":"2025-09-29T03:26:32.925330","level":"info","event":"\u001b[0m03:26:32  3 of 4 OK created sql view model public_staging.films .......................... [\u001b[32mCREATE VIEW\u001b[0m in 0.03s]","logger":"airflow.task.operators.airflow.providers.docker.operators.docker.DockerOperator"}
{"timestamp":"2025-09-29T03:26:32.927124","level":"info","event":"\u001b[0m03:26:32  4 of 4 START sql table model public_analytics.film_ratings ..................... [RUN]","logger":"airflow.task.operators.airflow.providers.docker.operators.docker.DockerOperator"}
{"timestamp":"2025-09-29T03:26:32.982825","level":"info","event":"\u001b[0m03:26:32  4 of 4 OK created sql table model public_analytics.film_ratings ................ [\u001b[32mSELECT 20\u001b[0m in 0.05s]","logger":"airflow.task.operators.airflow.providers.docker.operators.docker.DockerOperator"}
{"timestamp":"2025-09-29T03:26:33.008976","level":"info","event":"\u001b[0m03:26:33","logger":"airflow.task.operators.airflow.providers.docker.operators.docker.DockerOperator"}
{"timestamp":"2025-09-29T03:26:33.009588","level":"info","event":"\u001b[0m03:26:33  Finished running 3 view models, 1 table model in 0 hours 0 minutes and 0.51 seconds (0.51s).","logger":"airflow.task.operators.airflow.providers.docker.operators.docker.DockerOperator"}
{"timestamp":"2025-09-29T03:26:33.041531","level":"info","event":"\u001b[0m03:26:33","logger":"airflow.task.operators.airflow.providers.docker.operators.docker.DockerOperator"}
{"timestamp":"2025-09-29T03:26:33.041778","level":"info","event":"\u001b[0m03:26:33  \u001b[32mCompleted successfully\u001b[0m","logger":"airflow.task.operators.airflow.providers.docker.operators.docker.DockerOperator"}
{"timestamp":"2025-09-29T03:26:33.044038","level":"info","event":"\u001b[0m03:26:33","logger":"airflow.task.operators.airflow.providers.docker.operators.docker.DockerOperator"}
{"timestamp":"2025-09-29T03:26:33.045830","level":"info","event":"\u001b[0m03:26:33  Done. PASS=4 WARN=0 ERROR=0 SKIP=0 TOTAL=4","logger":"airflow.task.operators.airflow.providers.docker.operators.docker.DockerOperator"}
{"timestamp":"2025-09-29T03:26:34.085752","level":"info","event":"Pushing xcom","ti":"RuntimeTaskInstance(id=UUID('01999381-c8b0-771e-8723-97d18102f05a'), task_id='dbt_run', dag_id='elt_and_dbt', run_id='manual__2025-09-29T03:26:20.314108+00:00', try_number=1, map_index=-1, hostname='37846a9d1f01', context_carrier=None, task=<Task(DockerOperator): dbt_run>, bundle_instance=LocalDagBundle(name=dags-folder), max_tries=0, start_date=datetime.datetime(2025, 9, 29, 3, 26, 26, 533554, tzinfo=datetime.timezone.utc), end_date=None, state=<TaskInstanceState.RUNNING: 'running'>, is_mapped=False, rendered_map_index=None, log_url='http://localhost:8080/dags/elt_and_dbt/runs/manual__2025-09-29T03%3A26%3A20.314108%2B00%3A00/tasks/dbt_run?try_number=1')","logger":"task"}
